{"name": "Login to OrangeHRM with different parameter -- @1.3 ", "status": "failed", "statusDetails": {"message": "AssertionError: Test Failed\n", "trace": "  File \"/Library/Python/3.9/site-packages/behave/model.py\", line 1329, in run\n    match.run(runner.context)\n  File \"/Library/Python/3.9/site-packages/behave/matchers.py\", line 98, in run\n    self.func(context, *args, **kwargs)\n  File \"features/steps/orange_allure_report_4.py\", line 40, in step_impl\n    assert False, \"Test Failed\"\n"}, "steps": [{"name": "Given Browser launch", "status": "passed", "start": 1686204093712, "stop": 1686204095357}, {"name": "When Opening Home page of OrangeHRM", "status": "passed", "start": 1686204095357, "stop": 1686204104325}, {"name": "And Mention username \"admin\" and password \"admi\"", "status": "passed", "start": 1686204104326, "stop": 1686204104501}, {"name": "And Clicking login button", "status": "passed", "start": 1686204104501, "stop": 1686204105685}, {"name": "Then User successful login", "status": "failed", "statusDetails": {"message": "AssertionError: Test Failed\n", "trace": "  File \"/Library/Python/3.9/site-packages/behave/model.py\", line 1329, in run\n    match.run(runner.context)\n  File \"/Library/Python/3.9/site-packages/behave/matchers.py\", line 98, in run\n    self.func(context, *args, **kwargs)\n  File \"features/steps/orange_allure_report_4.py\", line 40, in step_impl\n    assert False, \"Test Failed\"\n"}, "start": 1686204105686, "stop": 1686204110820}], "parameters": [{"name": "username", "value": "admin"}, {"name": "password", "value": "admi"}], "start": 1686204093711, "stop": 1686204110820, "uuid": "15aed1b6-fba1-45ff-aafc-f45b7a32250d", "historyId": "01046be8d12f0d19e237b92eac6692ca", "fullName": "OrangeHRm Login: Login to OrangeHRM with different parameter", "labels": [{"name": "severity", "value": "normal"}, {"name": "feature", "value": "OrangeHRm Login"}, {"name": "framework", "value": "behave"}, {"name": "language", "value": "cpython3"}]}