{"name": "Login to OrangeHRM with different parameter -- @1.4 ", "status": "failed", "statusDetails": {"message": "AssertionError: Test Failed\n", "trace": "  File \"/Library/Python/3.9/site-packages/behave/model.py\", line 1329, in run\n    match.run(runner.context)\n  File \"/Library/Python/3.9/site-packages/behave/matchers.py\", line 98, in run\n    self.func(context, *args, **kwargs)\n  File \"features/steps/orange_allure_report_4.py\", line 40, in step_impl\n    assert False, \"Test Failed\"\n"}, "steps": [{"name": "Given Browser launch", "status": "passed", "start": 1686204110821, "stop": 1686204112476}, {"name": "When Opening Home page of OrangeHRM", "status": "passed", "start": 1686204112476, "stop": 1686204121696}, {"name": "And Mention username \"adm\" and password \"admi23\"", "status": "passed", "start": 1686204121697, "stop": 1686204121876}, {"name": "And Clicking login button", "status": "passed", "start": 1686204121876, "stop": 1686204123283}, {"name": "Then User successful login", "status": "failed", "statusDetails": {"message": "AssertionError: Test Failed\n", "trace": "  File \"/Library/Python/3.9/site-packages/behave/model.py\", line 1329, in run\n    match.run(runner.context)\n  File \"/Library/Python/3.9/site-packages/behave/matchers.py\", line 98, in run\n    self.func(context, *args, **kwargs)\n  File \"features/steps/orange_allure_report_4.py\", line 40, in step_impl\n    assert False, \"Test Failed\"\n"}, "start": 1686204123283, "stop": 1686204128379}], "parameters": [{"name": "username", "value": "adm"}, {"name": "password", "value": "admi23"}], "start": 1686204110821, "stop": 1686204128379, "uuid": "c2918772-dfdb-44c7-ae78-e461af2eb3a5", "historyId": "2820a4a4c108cfda0328e57913f55a07", "fullName": "OrangeHRm Login: Login to OrangeHRM with different parameter", "labels": [{"name": "severity", "value": "normal"}, {"name": "feature", "value": "OrangeHRm Login"}, {"name": "framework", "value": "behave"}, {"name": "language", "value": "cpython3"}]}