{"name": "Login to OrangeHRM with different parameter -- @1.2 ", "status": "failed", "statusDetails": {"message": "AssertionError: Test Failed\n", "trace": "  File \"/Library/Python/3.9/site-packages/behave/model.py\", line 1329, in run\n    match.run(runner.context)\n  File \"/Library/Python/3.9/site-packages/behave/matchers.py\", line 98, in run\n    self.func(context, *args, **kwargs)\n  File \"features/steps/orange_allure_report_4.py\", line 40, in step_impl\n    assert False, \"Test Failed\"\n"}, "steps": [{"name": "Given Browser launch", "status": "passed", "start": 1686204076722, "stop": 1686204078363}, {"name": "When Opening Home page of OrangeHRM", "status": "passed", "start": 1686204078363, "stop": 1686204087539}, {"name": "And Mention username \"adm\" and password \"admin123\"", "status": "passed", "start": 1686204087540, "stop": 1686204087718}, {"name": "And Clicking login button", "status": "passed", "start": 1686204087718, "stop": 1686204088575}, {"name": "Then User successful login", "status": "failed", "statusDetails": {"message": "AssertionError: Test Failed\n", "trace": "  File \"/Library/Python/3.9/site-packages/behave/model.py\", line 1329, in run\n    match.run(runner.context)\n  File \"/Library/Python/3.9/site-packages/behave/matchers.py\", line 98, in run\n    self.func(context, *args, **kwargs)\n  File \"features/steps/orange_allure_report_4.py\", line 40, in step_impl\n    assert False, \"Test Failed\"\n"}, "start": 1686204088575, "stop": 1686204093710}], "parameters": [{"name": "username", "value": "adm"}, {"name": "password", "value": "admin123"}], "start": 1686204076722, "stop": 1686204093711, "uuid": "ef017e9b-6bc5-4f86-b6bd-89e9cdc6f818", "historyId": "206f0999fff5561a6ba023f7a021bc7b", "fullName": "OrangeHRm Login: Login to OrangeHRM with different parameter", "labels": [{"name": "severity", "value": "normal"}, {"name": "feature", "value": "OrangeHRm Login"}, {"name": "framework", "value": "behave"}, {"name": "language", "value": "cpython3"}]}