{"name": "Login to OrangeHRM with different parameter -- @1.4 ", "status": "failed", "statusDetails": {"message": "AssertionError: Test Failed\n", "trace": "  File \"/Library/Python/3.9/site-packages/behave/model.py\", line 1329, in run\n    match.run(runner.context)\n  File \"/Library/Python/3.9/site-packages/behave/matchers.py\", line 98, in run\n    self.func(context, *args, **kwargs)\n  File \"features/steps/orange_login_2.py\", line 35, in verifyLogin\n    assert False, \"Test Failed\"\n"}, "steps": [{"name": "Given launch chrome browser", "status": "passed", "start": 1686204200328, "stop": 1686204202006}, {"name": "When open OrangeHRM Home page", "status": "passed", "start": 1686204202007, "stop": 1686204218219}, {"name": "And Enter username \"adm\" and password \"admi23\"", "status": "passed", "start": 1686204218220, "stop": 1686204218400}, {"name": "And Click on login button", "status": "passed", "start": 1686204218400, "stop": 1686204219231}, {"name": "Then User must successfully login to the dashboard page", "status": "failed", "statusDetails": {"message": "AssertionError: Test Failed\n", "trace": "  File \"/Library/Python/3.9/site-packages/behave/model.py\", line 1329, in run\n    match.run(runner.context)\n  File \"/Library/Python/3.9/site-packages/behave/matchers.py\", line 98, in run\n    self.func(context, *args, **kwargs)\n  File \"features/steps/orange_login_2.py\", line 35, in verifyLogin\n    assert False, \"Test Failed\"\n"}, "start": 1686204219231, "stop": 1686204224310}], "parameters": [{"name": "username", "value": "adm"}, {"name": "password", "value": "admi23"}], "start": 1686204200327, "stop": 1686204224310, "uuid": "253cba32-0397-42d9-a686-c1888342d0f3", "historyId": "2820a4a4c108cfda0328e57913f55a07", "fullName": "OrangeHRm Login: Login to OrangeHRM with different parameter", "labels": [{"name": "severity", "value": "normal"}, {"name": "feature", "value": "OrangeHRm Login"}, {"name": "framework", "value": "behave"}, {"name": "language", "value": "cpython3"}]}