{"name": "Login to OrangeHRM with different parameter -- @1.3 ", "status": "failed", "statusDetails": {"message": "AssertionError: Test Failed\n", "trace": "  File \"/Library/Python/3.9/site-packages/behave/model.py\", line 1329, in run\n    match.run(runner.context)\n  File \"/Library/Python/3.9/site-packages/behave/matchers.py\", line 98, in run\n    self.func(context, *args, **kwargs)\n  File \"features/steps/orange_login_2.py\", line 35, in verifyLogin\n    assert False, \"Test Failed\"\n"}, "steps": [{"name": "Given launch chrome browser", "status": "passed", "start": 1686204178227, "stop": 1686204179920}, {"name": "When open OrangeHRM Home page", "status": "passed", "start": 1686204179921, "stop": 1686204193804}, {"name": "And Enter username \"admin\" and password \"admi\"", "status": "passed", "start": 1686204193805, "stop": 1686204193991}, {"name": "And Click on login button", "status": "passed", "start": 1686204193991, "stop": 1686204195244}, {"name": "Then User must successfully login to the dashboard page", "status": "failed", "statusDetails": {"message": "AssertionError: Test Failed\n", "trace": "  File \"/Library/Python/3.9/site-packages/behave/model.py\", line 1329, in run\n    match.run(runner.context)\n  File \"/Library/Python/3.9/site-packages/behave/matchers.py\", line 98, in run\n    self.func(context, *args, **kwargs)\n  File \"features/steps/orange_login_2.py\", line 35, in verifyLogin\n    assert False, \"Test Failed\"\n"}, "start": 1686204195244, "stop": 1686204200325}], "parameters": [{"name": "username", "value": "admin"}, {"name": "password", "value": "admi"}], "start": 1686204178226, "stop": 1686204200326, "uuid": "39fd6da9-14ce-49e7-99d1-c303ffb6d8a7", "historyId": "01046be8d12f0d19e237b92eac6692ca", "fullName": "OrangeHRm Login: Login to OrangeHRM with different parameter", "labels": [{"name": "severity", "value": "normal"}, {"name": "feature", "value": "OrangeHRm Login"}, {"name": "framework", "value": "behave"}, {"name": "language", "value": "cpython3"}]}